{"/home/laboratoria/Área de Trabalho/cpfValidator/source/index.js":{"path":"/home/laboratoria/Área de Trabalho/cpfValidator/source/index.js","statementMap":{"0":{"start":{"line":2,"column":1},"end":{"line":2,"column":12}},"1":{"start":{"line":3,"column":1},"end":{"line":3,"column":11}},"2":{"start":{"line":5,"column":1},"end":{"line":5,"column":12}},"3":{"start":{"line":6,"column":1},"end":{"line":8,"column":2}},"4":{"start":{"line":6,"column":14},"end":{"line":6,"column":15}},"5":{"start":{"line":7,"column":2},"end":{"line":7,"column":57}},"6":{"start":{"line":9,"column":1},"end":{"line":9,"column":28}},"7":{"start":{"line":10,"column":1},"end":{"line":11,"column":2}},"8":{"start":{"line":12,"column":1},"end":{"line":14,"column":2}},"9":{"start":{"line":13,"column":2},"end":{"line":13,"column":15}},"10":{"start":{"line":16,"column":1},"end":{"line":18,"column":2}},"11":{"start":{"line":16,"column":14},"end":{"line":16,"column":15}},"12":{"start":{"line":17,"column":2},"end":{"line":17,"column":57}},"13":{"start":{"line":19,"column":1},"end":{"line":19,"column":28}},"14":{"start":{"line":20,"column":1},"end":{"line":21,"column":2}},"15":{"start":{"line":22,"column":1},"end":{"line":26,"column":2}},"16":{"start":{"line":23,"column":2},"end":{"line":23,"column":15}},"17":{"start":{"line":25,"column":2},"end":{"line":25,"column":14}},"18":{"start":{"line":28,"column":0},"end":{"line":28,"column":43}}},"fnMap":{"0":{"name":"cpfValidator","decl":{"start":{"line":1,"column":9},"end":{"line":1,"column":21}},"loc":{"start":{"line":1,"column":27},"end":{"line":27,"column":1}},"line":1}},"branchMap":{"0":{"loc":{"start":{"line":10,"column":1},"end":{"line":11,"column":2}},"type":"if","locations":[{"start":{"line":10,"column":1},"end":{"line":11,"column":2}},{"start":{"line":10,"column":1},"end":{"line":11,"column":2}}],"line":10},"1":{"loc":{"start":{"line":10,"column":5},"end":{"line":10,"column":37}},"type":"binary-expr","locations":[{"start":{"line":10,"column":6},"end":{"line":10,"column":18}},{"start":{"line":10,"column":24},"end":{"line":10,"column":36}}],"line":10},"2":{"loc":{"start":{"line":12,"column":1},"end":{"line":14,"column":2}},"type":"if","locations":[{"start":{"line":12,"column":1},"end":{"line":14,"column":2}},{"start":{"line":12,"column":1},"end":{"line":14,"column":2}}],"line":12},"3":{"loc":{"start":{"line":20,"column":1},"end":{"line":21,"column":2}},"type":"if","locations":[{"start":{"line":20,"column":1},"end":{"line":21,"column":2}},{"start":{"line":20,"column":1},"end":{"line":21,"column":2}}],"line":20},"4":{"loc":{"start":{"line":20,"column":5},"end":{"line":20,"column":37}},"type":"binary-expr","locations":[{"start":{"line":20,"column":6},"end":{"line":20,"column":18}},{"start":{"line":20,"column":24},"end":{"line":20,"column":36}}],"line":20},"5":{"loc":{"start":{"line":22,"column":1},"end":{"line":26,"column":2}},"type":"if","locations":[{"start":{"line":22,"column":1},"end":{"line":26,"column":2}},{"start":{"line":22,"column":1},"end":{"line":26,"column":2}}],"line":22}},"s":{"0":5,"1":5,"2":5,"3":5,"4":5,"5":45,"6":5,"7":5,"8":5,"9":3,"10":2,"11":2,"12":20,"13":2,"14":2,"15":2,"16":2,"17":0,"18":1},"f":{"0":5},"b":{"0":[0,5],"1":[5,5],"2":[3,2],"3":[0,2],"4":[2,2],"5":[2,0]},"_coverageSchema":"43e27e138ebf9cfc5966b082cf9a028302ed4184","hash":"b5e99fe1066f35a0f028e9e319df8f229e38ea83","contentHash":"292b3579c3d3d34b14f48b98c93531a4f46b798353048dd37ae7c4c6a39b4698"}}